{
  message: 'SIGTERM is received',
  level: 'info',
  label: 'ph',
  timestamp: '2023-07-10T09:02:18.475Z'
}
{
  message: 'SIGTERM is received',
  level: 'info',
  label: 'ph',
  timestamp: '2023-07-10T09:03:00.330Z'
}
{
  message: 'SIGTERM is received',
  level: 'info',
  label: 'ph',
  timestamp: '2023-07-10T09:23:38.598Z'
}
{
  message: 'SIGTERM is received',
  level: 'info',
  label: 'ph',
  timestamp: '2023-07-10T09:26:27.173Z'
}
{
  message: 'SIGTERM is received',
  level: 'info',
  label: 'ph',
  timestamp: '2023-07-10T09:54:16.409Z'
}
