{
  message: 'SIGTERM is received',
  level: 'info',
  label: 'ph',
  timestamp: '2023-07-07T10:33:57.387Z'
}
{
  message: 'SIGTERM is received',
  level: 'info',
  label: 'ph',
  timestamp: '2023-07-07T10:36:44.230Z'
}
{
  message: 'SIGTERM is received',
  level: 'info',
  label: 'ph',
  timestamp: '2023-07-07T10:38:31.236Z'
}
{
  message: 'SIGTERM is received',
  level: 'info',
  label: 'ph',
  timestamp: '2023-07-07T10:43:08.115Z'
}
{
  message: 'SIGTERM is received',
  level: 'info',
  label: 'ph',
  timestamp: '2023-07-07T10:47:12.163Z'
}
{
  message: 'SIGTERM is received',
  level: 'info',
  label: 'ph',
  timestamp: '2023-07-07T10:52:47.929Z'
}
