{
  message: 'SIGTERM is received',
  level: 'info',
  label: 'ph',
  timestamp: '2023-07-11T00:10:25.544Z'
}
{
  message: 'SIGTERM is received',
  level: 'info',
  label: 'ph',
  timestamp: '2023-07-11T00:21:20.727Z'
}
{
  message: 'SIGTERM is received',
  level: 'info',
  label: 'ph',
  timestamp: '2023-07-11T00:22:54.204Z'
}
{
  message: 'SIGTERM is received',
  level: 'info',
  label: 'ph',
  timestamp: '2023-07-11T00:25:40.830Z'
}
{
  message: 'SIGTERM is received',
  level: 'info',
  label: 'ph',
  timestamp: '2023-07-11T00:26:18.177Z'
}
