{
  message: 'SIGTERM is received',
  level: 'info',
  label: 'ph',
  timestamp: '2023-07-08T10:17:13.753Z'
}
{
  message: 'SIGTERM is received',
  level: 'info',
  label: 'ph',
  timestamp: '2023-07-08T10:24:10.199Z'
}
{
  message: 'SIGTERM is received',
  level: 'info',
  label: 'ph',
  timestamp: '2023-07-08T10:25:10.812Z'
}
{
  message: 'SIGTERM is received',
  level: 'info',
  label: 'ph',
  timestamp: '2023-07-08T10:28:34.696Z'
}
{
  message: 'SIGTERM is received',
  level: 'info',
  label: 'ph',
  timestamp: '2023-07-08T10:39:24.870Z'
}
{
  message: 'SIGTERM is received',
  level: 'info',
  label: 'ph',
  timestamp: '2023-07-08T10:47:55.699Z'
}
